  acp.c
  aes.c
  arrayutils.c
  chacha.c
  consoleutils.c
  cpuidex.c
  csg.c
  csx.c
  dilithium.c
  dilithiumbase.c
  dilithiumbase_avx2.c
  donna128.c
  ecdh.c
  ec25519.c
  ecdhbase.c
  ecdsa.c
  ecdsabase.c
  encoding.c
  event.c
  falcon.c
  Generating Code...
  Compiling...
  falconbase.c
  falconbase_avx2.c
  fileutils.c
  folderutils.c
  hcg.c
  ipinfo.c
  kyber.c
  kyberbase.c
  kyberbase_avx2.c
  mceliece.c
  mceliecebase.c
  mceliecebase_avx2.c
  memutils.c
  netutils.c
  ntru.c
  ntrubase.c
  ntrubase_avx2.c
  poly1305.c
  queue.c
  rcs.c
  Generating Code...
  Compiling...
  rdp.c
  scb.c
  secmem.c
  secrand.c
  selftest.c
  sha2.c
  sha3.c
  socket.c
  socketbase.c
  socketclient.c
  socketserver.c
  sphincsplus.c
  csp.c
  intutils.c
  sphincsplusbase.c
  sphincsplusbase_avx2.c
  stringutils.c
  sysutils.c
  threadpool.c
  async.c
  Generating Code...
  Compiling...
  timerex.c
  timestamp.c
  transpose.c
  Generating Code...
  QSC.vcxproj -> C:\Users\stepp\Documents\Visual Studio 2019\Projects\C\QSC\x64\Debug\QSC.lib
