  acp.c
  arrayutils.c
  chacha.c
  consoleutils.c
C:\Program Files (x86)\Windows Kits\10\Include\10.0.19041.0\um\winbase.h(9531,5): warning C5105: macro expansion producing 'defined' has undefined behavior
  cpuid.c
  csg.c
  csx.c
  dilithium.c
  dilithiumbase.c
  donna128.c
  ecdh.c
  ec25519.c
  ecdhbase.c
  ecdsa.c
  ecdsabase.c
  encoding.c
  fileutils.c
  folderutils.c
C:\Program Files (x86)\Windows Kits\10\Include\10.0.19041.0\um\winbase.h(9531,5): warning C5105: macro expansion producing 'defined' has undefined behavior
  hcg.c
  ipinfo.c
  Generating Code...
  Compiling...
  kyber.c
  kyberbase.c
  mceliece.c
  mceliecebase.c
  memutils.c
  netutils.c
C:\Program Files (x86)\Windows Kits\10\Include\10.0.19041.0\um\winbase.h(9531,5): warning C5105: macro expansion producing 'defined' has undefined behavior
  parallel.c
  poly1305.c
  queue.c
  rcs.c
  rdp.c
  secmem.c
C:\Program Files (x86)\Windows Kits\10\Include\10.0.19041.0\um\winbase.h(9531,5): warning C5105: macro expansion producing 'defined' has undefined behavior
  secrand.c
  selftest.c
  sha2.c
  sha3.c
  socket.c
  socketbase.c
C:\Program Files (x86)\Windows Kits\10\Include\10.0.19041.0\um\winbase.h(9531,5): warning C5105: macro expansion producing 'defined' has undefined behavior
  socketclient.c
C:\Program Files (x86)\Windows Kits\10\Include\10.0.19041.0\um\winbase.h(9531,5): warning C5105: macro expansion producing 'defined' has undefined behavior
  socketserver.c
C:\Program Files (x86)\Windows Kits\10\Include\10.0.19041.0\um\winbase.h(9531,5): warning C5105: macro expansion producing 'defined' has undefined behavior
  Generating Code...
  Compiling...
  sphincsplus.c
  sphincsplusbase.c
  csp.c
C:\Program Files (x86)\Windows Kits\10\Include\10.0.19041.0\um\winbase.h(9531,5): warning C5105: macro expansion producing 'defined' has undefined behavior
  intutils.c
  stringutils.c
  sysutils.c
C:\Program Files (x86)\Windows Kits\10\Include\10.0.19041.0\um\winbase.h(9531,5): warning C5105: macro expansion producing 'defined' has undefined behavior
  async.c
C:\Program Files (x86)\Windows Kits\10\Include\10.0.19041.0\um\winbase.h(9531,5): warning C5105: macro expansion producing 'defined' has undefined behavior
  timestamp.c
  transpose.c
  Generating Code...
  QSC.vcxproj -> C:\Users\stepp\Documents\Visual Studio 2019\Projects\C\QSMP\Debug\QSC.lib
